<?xml version="1.0" encoding="UTF-8"?>
<testng-results ignored="0" total="1" passed="1" failed="0" skipped="0">
  <reporter-output>
  </reporter-output>
  <suite started-at="2020-05-20T08:51:37 EDT" name="Default suite" finished-at="2020-05-20T08:51:50 EDT" duration-ms="13185">
    <groups>
    </groups>
    <test started-at="2020-05-20T08:51:37 EDT" name="Default test" finished-at="2020-05-20T08:51:50 EDT" duration-ms="13185">
      <class name="com.mytestng.TestNGAnnotations">
        <test-method is-config="true" signature="openBrowser()[pri:0, instance:com.mytestng.TestNGAnnotations@d4342c2]" started-at="2020-05-20T08:51:37 EDT" name="openBrowser" finished-at="2020-05-20T08:51:47 EDT" duration-ms="9839" status="PASS">
          <reporter-output>
          </reporter-output>
        </test-method> <!-- openBrowser -->
        <test-method signature="validLogin()[pri:0, instance:com.mytestng.TestNGAnnotations@d4342c2]" started-at="2020-05-20T08:51:47 EDT" name="validLogin" finished-at="2020-05-20T08:51:50 EDT" duration-ms="3035" status="PASS">
          <reporter-output>
          </reporter-output>
        </test-method> <!-- validLogin -->
        <test-method is-config="true" signature="closeBrowser()[pri:0, instance:com.mytestng.TestNGAnnotations@d4342c2]" started-at="2020-05-20T08:51:50 EDT" name="closeBrowser" finished-at="2020-05-20T08:51:50 EDT" duration-ms="214" status="PASS">
          <reporter-output>
          </reporter-output>
        </test-method> <!-- closeBrowser -->
      </class> <!-- com.mytestng.TestNGAnnotations -->
    </test> <!-- Default test -->
  </suite> <!-- Default suite -->
</testng-results>
